[I 2025-02-13 05:24:30.326 ServerApp] jupyter_lsp | extension was successfully linked.
[I 2025-02-13 05:24:30.330 ServerApp] jupyter_server_terminals | extension was successfully linked.
[I 2025-02-13 05:24:30.335 ServerApp] jupyterlab | extension was successfully linked.
[I 2025-02-13 05:24:30.583 ServerApp] notebook_shim | extension was successfully linked.
[I 2025-02-13 05:24:30.602 ServerApp] notebook_shim | extension was successfully loaded.
[I 2025-02-13 05:24:30.605 ServerApp] jupyter_lsp | extension was successfully loaded.
[I 2025-02-13 05:24:30.606 ServerApp] jupyter_server_terminals | extension was successfully loaded.
[I 2025-02-13 05:24:30.607 LabApp] JupyterLab extension loaded from /home/venkata/jupyter_lab/lib/python3.12/site-packages/jupyterlab
[I 2025-02-13 05:24:30.607 LabApp] JupyterLab application directory is /home/venkata/jupyter_lab/share/jupyter/lab
[I 2025-02-13 05:24:30.607 LabApp] Extension Manager is 'pypi'.
[I 2025-02-13 05:24:30.665 ServerApp] jupyterlab | extension was successfully loaded.
[I 2025-02-13 05:24:30.666 ServerApp] The port 8888 is already in use, trying another port.
[I 2025-02-13 05:24:30.666 ServerApp] The port 8889 is already in use, trying another port.
[I 2025-02-13 05:24:30.666 ServerApp] Serving notebooks from local directory: /home/venkata/jupyter_lab
[I 2025-02-13 05:24:30.666 ServerApp] Jupyter Server 2.15.0 is running at:
[I 2025-02-13 05:24:30.666 ServerApp] http://localhost:8890/lab
[I 2025-02-13 05:24:30.666 ServerApp]     http://127.0.0.1:8890/lab
[I 2025-02-13 05:24:30.666 ServerApp] Use Control-C to stop this server and shut down all kernels (twice to skip confirmation).
gio: file:///home/venkata/.local/share/jupyter/runtime/jpserver-1073-open.html: Failed to find default application for content type ‘text/html’
[I 2025-02-13 05:24:31.657 ServerApp] Skipped non-installed server(s): bash-language-server, dockerfile-language-server-nodejs, javascript-typescript-langserver, jedi-language-server, julia-language-server, pyright, python-language-server, python-lsp-server, r-languageserver, sql-language-server, texlab, typescript-language-server, unified-language-server, vscode-css-languageserver-bin, vscode-html-languageserver-bin, vscode-json-languageserver-bin, yaml-language-server
[I 2025-02-13 05:24:58.952 ServerApp] Interrupted...
